<?xml version="1.0" encoding="UTF-8"?>
<!-- Generated by org.testng.reporters.JUnitReportReporter -->
<testsuite hostname="STEVE" failures="0" tests="1" name="seleniumPack.Testng01" time="105.143" errors="0" timestamp="18 Jun 2021 08:24:10 GMT" skipped="0">
  <testcase classname="seleniumPack.Testng01" name="isHomePageisDisplayed" time="105.143"/>
</testsuite> <!-- seleniumPack.Testng01 -->
