<?xml version="1.0" encoding="UTF-8"?>
<!-- Generated by org.testng.reporters.JUnitReportReporter -->
<testsuite hostname="STEVE" failures="0" tests="1" name="seleniumPack.ActionClass" time="0.547" errors="0" timestamp="24 Jun 2021 16:55:53 GMT" skipped="0">
  <testcase classname="seleniumPack.ActionClass" name="mouseAndKeyboardEvents" time="0.547"/>
</testsuite> <!-- seleniumPack.ActionClass -->
