<?xml version="1.0" encoding="UTF-8"?>
<!-- Generated by org.testng.reporters.JUnitReportReporter -->
<testsuite hostname="STEVE" failures="0" tests="1" name="seleniumPack.Flipkart" time="9.485" errors="0" timestamp="20 Jun 2021 10:39:25 GMT" skipped="0">
  <testcase classname="seleniumPack.Flipkart" name="flipkartSearch" time="9.485"/>
</testsuite> <!-- seleniumPack.Flipkart -->
